2025-01-11 03:54:05 - INFO - Successfully redirected stderr to file
2025-01-11 03:54:05 - INFO - Logging system initialized
2025-01-11 03:54:05 - INFO - Using music directory: "/home/m-d-nabeel/Music"
2025-01-11 03:54:05 - INFO - found the format marker [49, 44, 33] @ 0+2 bytes.
2025-01-11 03:54:05 - INFO - found the format marker [ff, fb] @ 44+2 bytes.
2025-01-11 03:54:05 - INFO - using xing header for duration
2025-01-11 03:54:05 - INFO - found the format marker [49, 44, 33] @ 0+2 bytes.
2025-01-11 03:54:05 - INFO - found the format marker [ff, fb] @ 44+2 bytes.
2025-01-11 03:54:05 - INFO - using xing header for duration
2025-01-11 03:54:05 - INFO - found the format marker [49, 44, 33] @ 0+2 bytes.
2025-01-11 03:54:05 - INFO - found the format marker [ff, fb] @ 44+2 bytes.
2025-01-11 03:54:05 - INFO - using xing header for duration
2025-01-11 03:54:05 - INFO - found the format marker [49, 44, 33] @ 0+2 bytes.
2025-01-11 03:54:05 - INFO - found the format marker [ff, fb] @ 44+2 bytes.
2025-01-11 03:54:05 - INFO - using xing header for duration
2025-01-11 03:54:05 - INFO - found the format marker [49, 44, 33] @ 0+2 bytes.
2025-01-11 03:54:05 - INFO - found the format marker [ff, fb] @ 1239+2 bytes.
2025-01-11 03:54:05 - INFO - using xing header for duration
2025-01-11 03:54:05 - INFO - found the format marker [ff, fb] @ 0+2 bytes.
2025-01-11 03:54:05 - INFO - estimating duration from bitrate, may be inaccurate for vbr files
2025-01-11 03:54:05 - INFO - found the format marker [49, 44, 33] @ 0+2 bytes.
2025-01-11 03:54:05 - INFO - found the format marker [ff, fb] @ 44+2 bytes.
2025-01-11 03:54:05 - INFO - using xing header for duration
2025-01-11 03:54:05 - INFO - found the format marker [49, 44, 33] @ 0+2 bytes.
2025-01-11 03:54:05 - INFO - found the format marker [ff, fb] @ 44+2 bytes.
2025-01-11 03:54:05 - INFO - using xing header for duration
2025-01-11 03:54:05 - INFO - found the format marker [49, 44, 33] @ 0+2 bytes.
2025-01-11 03:54:05 - INFO - found the format marker [ff, fb] @ 44+2 bytes.
2025-01-11 03:54:05 - INFO - using xing header for duration
2025-01-11 03:54:05 - INFO - found the format marker [49, 44, 33] @ 0+2 bytes.
2025-01-11 03:54:05 - INFO - found the format marker [ff, fb] @ 172032+2 bytes.
2025-01-11 03:54:05 - INFO - using xing header for duration
2025-01-11 03:54:05 - INFO - found the format marker [49, 44, 33] @ 0+2 bytes.
2025-01-11 03:54:05 - INFO - found the format marker [ff, fb] @ 44+2 bytes.
2025-01-11 03:54:05 - INFO - using xing header for duration
2025-01-11 03:54:05 - INFO - found the format marker [ff, fb] @ 0+2 bytes.
2025-01-11 03:54:05 - INFO - estimating duration from bitrate, may be inaccurate for vbr files
2025-01-11 03:54:08 - INFO - Selected next track
2025-01-11 03:54:08 - INFO - Selected next track
2025-01-11 03:54:09 - INFO - Selected previous track
2025-01-11 03:54:09 - INFO - Selected next track
2025-01-11 03:54:09 - INFO - Selected next track
2025-01-11 03:54:10 - INFO - Selected next track
2025-01-11 03:54:10 - INFO - Selected next track
2025-01-11 03:54:10 - INFO - Selected next track
2025-01-11 03:54:10 - INFO - Selected next track
2025-01-11 03:54:10 - INFO - Selected next track
2025-01-11 03:54:10 - INFO - Selected next track
2025-01-11 03:54:11 - INFO - Selected next track
2025-01-11 03:54:11 - INFO - Selected next track
2025-01-11 03:54:12 - INFO - Track Path: "/home/m-d-nabeel/Music/six_feet_under.mp3"
2025-01-11 03:54:12 - INFO - found the format marker [49, 44, 33] @ 0+2 bytes.
2025-01-11 03:54:12 - INFO - found the format marker [ff, fb] @ 44+2 bytes.
2025-01-11 03:54:12 - INFO - using xing header for duration
2025-01-11 03:54:12 - INFO - found the format marker [49, 44, 33] @ 0+2 bytes.
2025-01-11 03:54:12 - INFO - found the format marker [ff, fb] @ 44+2 bytes.
2025-01-11 03:54:12 - INFO - using xing header for duration
2025-01-11 03:54:12 - INFO - ==>Track: Track { title: "six_feet_under.mp3", artist: None, path: "/home/m-d-nabeel/Music/six_feet_under.mp3", duration: Some(237.635918367s) }
2025-01-11 03:54:12 - INFO - ==>Track Duration: 237.635918367s
2025-01-11 03:54:54 - INFO - Selected previous track
2025-01-11 03:54:56 - INFO - Track Path: "/home/m-d-nabeel/Music/sapientdream, Slushii - Break My Heart [NCS Release].mp3"
2025-01-11 03:54:56 - INFO - found the format marker [49, 44, 33] @ 0+2 bytes.
2025-01-11 03:54:56 - INFO - found the format marker [ff, fb] @ 44+2 bytes.
2025-01-11 03:54:56 - INFO - using xing header for duration
2025-01-11 03:54:57 - INFO - found the format marker [49, 44, 33] @ 0+2 bytes.
2025-01-11 03:54:57 - INFO - found the format marker [ff, fb] @ 44+2 bytes.
2025-01-11 03:54:57 - INFO - using xing header for duration
2025-01-11 03:54:57 - INFO - ==>Track: Track { title: "sapientdream, Slushii - Break My Heart [NCS Release].mp3", artist: None, path: "/home/m-d-nabeel/Music/sapientdream, Slushii - Break My Heart [NCS Release].mp3", duration: Some(183.484081633s) }
2025-01-11 03:54:57 - INFO - ==>Track Duration: 183.484081633s
2025-01-11 03:55:06 - INFO - Selected previous track
2025-01-11 03:55:07 - INFO - Selected previous track
2025-01-11 03:55:08 - INFO - Selected previous track
2025-01-11 03:55:08 - INFO - Selected previous track
2025-01-11 03:55:08 - INFO - Selected previous track
2025-01-11 03:55:09 - INFO - Selected previous track
2025-01-11 03:55:09 - INFO - Track Path: "/home/m-d-nabeel/Music/Sitara (Official Video) ｜ Aashiq Khan x Mitika Kanwar ｜ Denny ｜ Shloke Lal ｜ Hindi Song [o6vrwaUKk3M].mp3"
2025-01-11 03:55:09 - INFO - found the format marker [49, 44, 33] @ 0+2 bytes.
2025-01-11 03:55:09 - INFO - found the format marker [ff, fb] @ 44+2 bytes.
2025-01-11 03:55:09 - INFO - using xing header for duration
2025-01-11 03:55:10 - INFO - found the format marker [49, 44, 33] @ 0+2 bytes.
2025-01-11 03:55:10 - INFO - found the format marker [ff, fb] @ 44+2 bytes.
2025-01-11 03:55:10 - INFO - using xing header for duration
2025-01-11 03:55:10 - INFO - ==>Track: Track { title: "Sitara (Official Video) ｜ Aashiq Khan x Mitika Kanwar ｜ Denny ｜ Shloke Lal ｜ Hindi Song [o6vrwaUKk3M].mp3", artist: None, path: "/home/m-d-nabeel/Music/Sitara (Official Video) ｜ Aashiq Khan x Mitika Kanwar ｜ Denny ｜ Shloke Lal ｜ Hindi Song [o6vrwaUKk3M].mp3", duration: Some(186.072s) }
2025-01-11 03:55:10 - INFO - ==>Track Duration: 186.072s
2025-01-11 03:55:14 - INFO - Quit key pressed
2025-01-11 04:28:37 - INFO - Successfully redirected stderr to file
2025-01-11 04:28:37 - INFO - Logging system initialized
2025-01-11 04:28:37 - INFO - Using music directory: "/home/m-d-nabeel/Music"
2025-01-11 04:28:37 - INFO - found the format marker [49, 44, 33] @ 0+2 bytes.
2025-01-11 04:28:37 - INFO - found the format marker [ff, fb] @ 44+2 bytes.
2025-01-11 04:28:37 - INFO - using xing header for duration
2025-01-11 04:28:37 - INFO - found the format marker [49, 44, 33] @ 0+2 bytes.
2025-01-11 04:28:37 - INFO - found the format marker [ff, fb] @ 44+2 bytes.
2025-01-11 04:28:37 - INFO - using xing header for duration
2025-01-11 04:28:37 - INFO - found the format marker [49, 44, 33] @ 0+2 bytes.
2025-01-11 04:28:37 - INFO - found the format marker [ff, fb] @ 44+2 bytes.
2025-01-11 04:28:37 - INFO - using xing header for duration
2025-01-11 04:28:37 - INFO - found the format marker [49, 44, 33] @ 0+2 bytes.
2025-01-11 04:28:37 - INFO - found the format marker [ff, fb] @ 44+2 bytes.
2025-01-11 04:28:37 - INFO - using xing header for duration
2025-01-11 04:28:37 - INFO - found the format marker [49, 44, 33] @ 0+2 bytes.
2025-01-11 04:28:37 - INFO - found the format marker [ff, fb] @ 1239+2 bytes.
2025-01-11 04:28:37 - INFO - using xing header for duration
2025-01-11 04:28:37 - INFO - found the format marker [ff, fb] @ 0+2 bytes.
2025-01-11 04:28:37 - INFO - estimating duration from bitrate, may be inaccurate for vbr files
2025-01-11 04:28:37 - INFO - found the format marker [49, 44, 33] @ 0+2 bytes.
2025-01-11 04:28:37 - INFO - found the format marker [ff, fb] @ 44+2 bytes.
2025-01-11 04:28:37 - INFO - using xing header for duration
2025-01-11 04:28:37 - INFO - found the format marker [49, 44, 33] @ 0+2 bytes.
2025-01-11 04:28:37 - INFO - found the format marker [ff, fb] @ 44+2 bytes.
2025-01-11 04:28:37 - INFO - using xing header for duration
2025-01-11 04:28:37 - INFO - found the format marker [49, 44, 33] @ 0+2 bytes.
2025-01-11 04:28:37 - INFO - found the format marker [ff, fb] @ 44+2 bytes.
2025-01-11 04:28:37 - INFO - using xing header for duration
2025-01-11 04:28:37 - INFO - found the format marker [49, 44, 33] @ 0+2 bytes.
2025-01-11 04:28:37 - INFO - found the format marker [ff, fb] @ 172032+2 bytes.
2025-01-11 04:28:37 - INFO - using xing header for duration
2025-01-11 04:28:37 - INFO - found the format marker [49, 44, 33] @ 0+2 bytes.
2025-01-11 04:28:37 - INFO - found the format marker [ff, fb] @ 44+2 bytes.
2025-01-11 04:28:37 - INFO - using xing header for duration
2025-01-11 04:28:37 - INFO - found the format marker [ff, fb] @ 0+2 bytes.
2025-01-11 04:28:37 - INFO - estimating duration from bitrate, may be inaccurate for vbr files
2025-01-11 04:28:39 - INFO - Selected next track
2025-01-11 04:28:40 - INFO - Track Path: "/home/m-d-nabeel/Music/Diviners, Philly K. - Savannah (feat. Philly K) [NCS Release].mp3"
2025-01-11 04:28:40 - INFO - found the format marker [49, 44, 33] @ 0+2 bytes.
2025-01-11 04:28:40 - INFO - found the format marker [ff, fb] @ 1239+2 bytes.
2025-01-11 04:28:40 - INFO - using xing header for duration
2025-01-11 04:28:40 - INFO - found the format marker [49, 44, 33] @ 0+2 bytes.
2025-01-11 04:28:40 - INFO - found the format marker [ff, fb] @ 1239+2 bytes.
2025-01-11 04:28:40 - INFO - using xing header for duration
2025-01-11 04:28:40 - INFO - ==>Track: Track { title: "Diviners, Philly K. - Savannah (feat. Philly K) [NCS Release].mp3", artist: None, path: "/home/m-d-nabeel/Music/Diviners, Philly K. - Savannah (feat. Philly K) [NCS Release].mp3", duration: Some(204.016326531s) }
2025-01-11 04:28:40 - INFO - ==>Track Duration: 204.016326531s
2025-01-11 04:28:42 - INFO - Selected next track
2025-01-11 04:28:42 - INFO - Selected next track
2025-01-11 04:28:42 - INFO - Selected next track
2025-01-11 04:28:42 - INFO - Track Path: "/home/m-d-nabeel/Music/Sitara (Official Video) ｜ Aashiq Khan x Mitika Kanwar ｜ Denny ｜ Shloke Lal ｜ Hindi Song [o6vrwaUKk3M].mp3"
2025-01-11 04:28:42 - INFO - found the format marker [49, 44, 33] @ 0+2 bytes.
2025-01-11 04:28:42 - INFO - found the format marker [ff, fb] @ 44+2 bytes.
2025-01-11 04:28:42 - INFO - using xing header for duration
2025-01-11 04:28:43 - INFO - found the format marker [49, 44, 33] @ 0+2 bytes.
2025-01-11 04:28:43 - INFO - found the format marker [ff, fb] @ 44+2 bytes.
2025-01-11 04:28:43 - INFO - using xing header for duration
2025-01-11 04:28:43 - INFO - ==>Track: Track { title: "Sitara (Official Video) ｜ Aashiq Khan x Mitika Kanwar ｜ Denny ｜ Shloke Lal ｜ Hindi Song [o6vrwaUKk3M].mp3", artist: None, path: "/home/m-d-nabeel/Music/Sitara (Official Video) ｜ Aashiq Khan x Mitika Kanwar ｜ Denny ｜ Shloke Lal ｜ Hindi Song [o6vrwaUKk3M].mp3", duration: Some(186.072s) }
2025-01-11 04:28:43 - INFO - ==>Track Duration: 186.072s
2025-01-11 04:28:44 - INFO - Playback paused
2025-01-11 04:28:54 - INFO - Playback resumed
2025-01-11 04:28:57 - INFO - Selected next track
2025-01-11 04:28:57 - INFO - Selected next track
2025-01-11 04:28:58 - INFO - Track Path: "/home/m-d-nabeel/Music/die_for_you.mp3"
2025-01-11 04:28:58 - INFO - found the format marker [49, 44, 33] @ 0+2 bytes.
2025-01-11 04:28:58 - INFO - found the format marker [ff, fb] @ 44+2 bytes.
2025-01-11 04:28:58 - INFO - using xing header for duration
2025-01-11 04:28:58 - INFO - found the format marker [49, 44, 33] @ 0+2 bytes.
2025-01-11 04:28:58 - INFO - found the format marker [ff, fb] @ 44+2 bytes.
2025-01-11 04:28:58 - INFO - using xing header for duration
2025-01-11 04:28:58 - INFO - ==>Track: Track { title: "die_for_you.mp3", artist: None, path: "/home/m-d-nabeel/Music/die_for_you.mp3", duration: Some(260.310204082s) }
2025-01-11 04:28:58 - INFO - ==>Track Duration: 260.310204082s
2025-01-11 04:29:05 - INFO - Selected next track
2025-01-11 04:29:05 - INFO - Track Path: "/home/m-d-nabeel/Music/elemental-magic-spell-impact-outgoing-228342.mp3"
2025-01-11 04:29:05 - INFO - found the format marker [ff, fb] @ 0+2 bytes.
2025-01-11 04:29:05 - INFO - estimating duration from bitrate, may be inaccurate for vbr files
2025-01-11 04:29:05 - INFO - found the format marker [ff, fb] @ 0+2 bytes.
2025-01-11 04:29:05 - INFO - estimating duration from bitrate, may be inaccurate for vbr files
2025-01-11 04:29:05 - INFO - ==>Track: Track { title: "elemental-magic-spell-impact-outgoing-228342.mp3", artist: None, path: "/home/m-d-nabeel/Music/elemental-magic-spell-impact-outgoing-228342.mp3", duration: Some(3.192s) }
2025-01-11 04:29:05 - INFO - ==>Track Duration: 3.192s
2025-01-11 04:29:08 - INFO - Track Path: "/home/m-d-nabeel/Music/i_feel_it_coming.mp3"
2025-01-11 04:29:08 - INFO - found the format marker [49, 44, 33] @ 0+2 bytes.
2025-01-11 04:29:08 - INFO - found the format marker [ff, fb] @ 44+2 bytes.
2025-01-11 04:29:08 - INFO - using xing header for duration
2025-01-11 04:29:09 - INFO - found the format marker [49, 44, 33] @ 0+2 bytes.
2025-01-11 04:29:09 - INFO - found the format marker [ff, fb] @ 44+2 bytes.
2025-01-11 04:29:09 - INFO - using xing header for duration
2025-01-11 04:29:09 - INFO - ==>Track: Track { title: "i_feel_it_coming.mp3", artist: None, path: "/home/m-d-nabeel/Music/i_feel_it_coming.mp3", duration: Some(297.691428571s) }
2025-01-11 04:29:09 - INFO - ==>Track Duration: 297.691428571s
2025-01-11 04:29:09 - INFO - Successfully advanced to next track
2025-01-11 04:29:13 - INFO - Quit key pressed
